Performing C SOURCE FILE Test CMAKE_HAVE_LIBC_PTHREAD failed with the following output:
Change Dir: /home/robo02/robocomp/components/dsr-graph/components/path_planner_astar/CMakeFiles/CMakeTmp

Run Build Command(s):/usr/bin/make cmTC_16937/fast && /usr/bin/make -f CMakeFiles/cmTC_16937.dir/build.make CMakeFiles/cmTC_16937.dir/build
make[1]: se entra en el directorio '/home/robo02/robocomp/components/dsr-graph/components/path_planner_astar/CMakeFiles/CMakeTmp'
Building C object CMakeFiles/cmTC_16937.dir/src.c.o
/usr/bin/cc   -DCMAKE_HAVE_LIBC_PTHREAD   -o CMakeFiles/cmTC_16937.dir/src.c.o   -c /home/robo02/robocomp/components/dsr-graph/components/path_planner_astar/CMakeFiles/CMakeTmp/src.c
Linking C executable cmTC_16937
/usr/bin/cmake -E cmake_link_script CMakeFiles/cmTC_16937.dir/link.txt --verbose=1
/usr/bin/cc  -DCMAKE_HAVE_LIBC_PTHREAD    -rdynamic CMakeFiles/cmTC_16937.dir/src.c.o  -o cmTC_16937 
/usr/bin/ld: CMakeFiles/cmTC_16937.dir/src.c.o: en la funci贸n `main':
src.c:(.text+0x46): referencia a `pthread_create' sin definir
/usr/bin/ld: src.c:(.text+0x52): referencia a `pthread_detach' sin definir
/usr/bin/ld: src.c:(.text+0x63): referencia a `pthread_join' sin definir
collect2: error: ld returned 1 exit status
make[1]: *** [CMakeFiles/cmTC_16937.dir/build.make:87: cmTC_16937] Error 1
make[1]: se sale del directorio '/home/robo02/robocomp/components/dsr-graph/components/path_planner_astar/CMakeFiles/CMakeTmp'
make: *** [Makefile:121: cmTC_16937/fast] Error 2


Source file was:
#include <pthread.h>

void* test_func(void* data)
{
  return data;
}

int main(void)
{
  pthread_t thread;
  pthread_create(&thread, NULL, test_func, NULL);
  pthread_detach(thread);
  pthread_join(thread, NULL);
  pthread_atfork(NULL, NULL, NULL);
  pthread_exit(NULL);

  return 0;
}

Determining if the function pthread_create exists in the pthreads failed with the following output:
Change Dir: /home/robo02/robocomp/components/dsr-graph/components/path_planner_astar/CMakeFiles/CMakeTmp

Run Build Command(s):/usr/bin/make cmTC_d2446/fast && /usr/bin/make -f CMakeFiles/cmTC_d2446.dir/build.make CMakeFiles/cmTC_d2446.dir/build
make[1]: se entra en el directorio '/home/robo02/robocomp/components/dsr-graph/components/path_planner_astar/CMakeFiles/CMakeTmp'
Building C object CMakeFiles/cmTC_d2446.dir/CheckFunctionExists.c.o
/usr/bin/cc   -DCHECK_FUNCTION_EXISTS=pthread_create   -o CMakeFiles/cmTC_d2446.dir/CheckFunctionExists.c.o   -c /usr/share/cmake-3.16/Modules/CheckFunctionExists.c
Linking C executable cmTC_d2446
/usr/bin/cmake -E cmake_link_script CMakeFiles/cmTC_d2446.dir/link.txt --verbose=1
/usr/bin/cc  -DCHECK_FUNCTION_EXISTS=pthread_create    -rdynamic CMakeFiles/cmTC_d2446.dir/CheckFunctionExists.c.o  -o cmTC_d2446  -lpthreads 
/usr/bin/ld: no se puede encontrar -lpthreads
collect2: error: ld returned 1 exit status
make[1]: *** [CMakeFiles/cmTC_d2446.dir/build.make:87: cmTC_d2446] Error 1
make[1]: se sale del directorio '/home/robo02/robocomp/components/dsr-graph/components/path_planner_astar/CMakeFiles/CMakeTmp'
make: *** [Makefile:121: cmTC_d2446/fast] Error 2



Performing C SOURCE FILE Test CMAKE_HAVE_LIBC_PTHREAD failed with the following output:
Change Dir: /home/robo02/robocomp/components/dsr-graph/components/path_planner_astar/CMakeFiles/CMakeTmp

Run Build Command(s):/usr/bin/make cmTC_fdedf/fast && /usr/bin/make -f CMakeFiles/cmTC_fdedf.dir/build.make CMakeFiles/cmTC_fdedf.dir/build
make[1]: se entra en el directorio '/home/robo02/robocomp/components/dsr-graph/components/path_planner_astar/CMakeFiles/CMakeTmp'
Building C object CMakeFiles/cmTC_fdedf.dir/src.c.o
/usr/bin/cc   -DCMAKE_HAVE_LIBC_PTHREAD   -o CMakeFiles/cmTC_fdedf.dir/src.c.o   -c /home/robo02/robocomp/components/dsr-graph/components/path_planner_astar/CMakeFiles/CMakeTmp/src.c
Linking C executable cmTC_fdedf
/usr/bin/cmake -E cmake_link_script CMakeFiles/cmTC_fdedf.dir/link.txt --verbose=1
/usr/bin/cc  -DCMAKE_HAVE_LIBC_PTHREAD    -rdynamic CMakeFiles/cmTC_fdedf.dir/src.c.o  -o cmTC_fdedf 
/usr/bin/ld: CMakeFiles/cmTC_fdedf.dir/src.c.o: en la funci贸n `main':
src.c:(.text+0x46): referencia a `pthread_create' sin definir
/usr/bin/ld: src.c:(.text+0x52): referencia a `pthread_detach' sin definir
/usr/bin/ld: src.c:(.text+0x63): referencia a `pthread_join' sin definir
collect2: error: ld returned 1 exit status
make[1]: *** [CMakeFiles/cmTC_fdedf.dir/build.make:87: cmTC_fdedf] Error 1
make[1]: se sale del directorio '/home/robo02/robocomp/components/dsr-graph/components/path_planner_astar/CMakeFiles/CMakeTmp'
make: *** [Makefile:121: cmTC_fdedf/fast] Error 2


Source file was:
#include <pthread.h>

void* test_func(void* data)
{
  return data;
}

int main(void)
{
  pthread_t thread;
  pthread_create(&thread, NULL, test_func, NULL);
  pthread_detach(thread);
  pthread_join(thread, NULL);
  pthread_atfork(NULL, NULL, NULL);
  pthread_exit(NULL);

  return 0;
}

Determining if the function pthread_create exists in the pthreads failed with the following output:
Change Dir: /home/robo02/robocomp/components/dsr-graph/components/path_planner_astar/CMakeFiles/CMakeTmp

Run Build Command(s):/usr/bin/make cmTC_440bd/fast && /usr/bin/make -f CMakeFiles/cmTC_440bd.dir/build.make CMakeFiles/cmTC_440bd.dir/build
make[1]: se entra en el directorio '/home/robo02/robocomp/components/dsr-graph/components/path_planner_astar/CMakeFiles/CMakeTmp'
Building C object CMakeFiles/cmTC_440bd.dir/CheckFunctionExists.c.o
/usr/bin/cc   -DCHECK_FUNCTION_EXISTS=pthread_create   -o CMakeFiles/cmTC_440bd.dir/CheckFunctionExists.c.o   -c /usr/share/cmake-3.16/Modules/CheckFunctionExists.c
Linking C executable cmTC_440bd
/usr/bin/cmake -E cmake_link_script CMakeFiles/cmTC_440bd.dir/link.txt --verbose=1
/usr/bin/cc  -DCHECK_FUNCTION_EXISTS=pthread_create    -rdynamic CMakeFiles/cmTC_440bd.dir/CheckFunctionExists.c.o  -o cmTC_440bd  -lpthreads 
/usr/bin/ld: no se puede encontrar -lpthreads
collect2: error: ld returned 1 exit status
make[1]: *** [CMakeFiles/cmTC_440bd.dir/build.make:87: cmTC_440bd] Error 1
make[1]: se sale del directorio '/home/robo02/robocomp/components/dsr-graph/components/path_planner_astar/CMakeFiles/CMakeTmp'
make: *** [Makefile:121: cmTC_440bd/fast] Error 2



Performing C SOURCE FILE Test CMAKE_HAVE_LIBC_PTHREAD failed with the following output:
Change Dir: /home/robo02/robocomp/components/dsr-graph/components/path_planner_astar/CMakeFiles/CMakeTmp

Run Build Command(s):/usr/bin/make cmTC_80c42/fast && /usr/bin/make -f CMakeFiles/cmTC_80c42.dir/build.make CMakeFiles/cmTC_80c42.dir/build
make[1]: se entra en el directorio '/home/robo02/robocomp/components/dsr-graph/components/path_planner_astar/CMakeFiles/CMakeTmp'
Building C object CMakeFiles/cmTC_80c42.dir/src.c.o
/usr/bin/cc   -DCMAKE_HAVE_LIBC_PTHREAD   -o CMakeFiles/cmTC_80c42.dir/src.c.o   -c /home/robo02/robocomp/components/dsr-graph/components/path_planner_astar/CMakeFiles/CMakeTmp/src.c
Linking C executable cmTC_80c42
/usr/bin/cmake -E cmake_link_script CMakeFiles/cmTC_80c42.dir/link.txt --verbose=1
/usr/bin/cc  -DCMAKE_HAVE_LIBC_PTHREAD    -rdynamic CMakeFiles/cmTC_80c42.dir/src.c.o  -o cmTC_80c42 
/usr/bin/ld: CMakeFiles/cmTC_80c42.dir/src.c.o: en la funci贸n `main':
src.c:(.text+0x46): referencia a `pthread_create' sin definir
/usr/bin/ld: src.c:(.text+0x52): referencia a `pthread_detach' sin definir
/usr/bin/ld: src.c:(.text+0x63): referencia a `pthread_join' sin definir
collect2: error: ld returned 1 exit status
make[1]: *** [CMakeFiles/cmTC_80c42.dir/build.make:87: cmTC_80c42] Error 1
make[1]: se sale del directorio '/home/robo02/robocomp/components/dsr-graph/components/path_planner_astar/CMakeFiles/CMakeTmp'
make: *** [Makefile:121: cmTC_80c42/fast] Error 2


Source file was:
#include <pthread.h>

void* test_func(void* data)
{
  return data;
}

int main(void)
{
  pthread_t thread;
  pthread_create(&thread, NULL, test_func, NULL);
  pthread_detach(thread);
  pthread_join(thread, NULL);
  pthread_atfork(NULL, NULL, NULL);
  pthread_exit(NULL);

  return 0;
}

Determining if the function pthread_create exists in the pthreads failed with the following output:
Change Dir: /home/robo02/robocomp/components/dsr-graph/components/path_planner_astar/CMakeFiles/CMakeTmp

Run Build Command(s):/usr/bin/make cmTC_2e1fb/fast && /usr/bin/make -f CMakeFiles/cmTC_2e1fb.dir/build.make CMakeFiles/cmTC_2e1fb.dir/build
make[1]: se entra en el directorio '/home/robo02/robocomp/components/dsr-graph/components/path_planner_astar/CMakeFiles/CMakeTmp'
Building C object CMakeFiles/cmTC_2e1fb.dir/CheckFunctionExists.c.o
/usr/bin/cc   -DCHECK_FUNCTION_EXISTS=pthread_create   -o CMakeFiles/cmTC_2e1fb.dir/CheckFunctionExists.c.o   -c /usr/share/cmake-3.16/Modules/CheckFunctionExists.c
Linking C executable cmTC_2e1fb
/usr/bin/cmake -E cmake_link_script CMakeFiles/cmTC_2e1fb.dir/link.txt --verbose=1
/usr/bin/cc  -DCHECK_FUNCTION_EXISTS=pthread_create    -rdynamic CMakeFiles/cmTC_2e1fb.dir/CheckFunctionExists.c.o  -o cmTC_2e1fb  -lpthreads 
/usr/bin/ld: no se puede encontrar -lpthreads
collect2: error: ld returned 1 exit status
make[1]: *** [CMakeFiles/cmTC_2e1fb.dir/build.make:87: cmTC_2e1fb] Error 1
make[1]: se sale del directorio '/home/robo02/robocomp/components/dsr-graph/components/path_planner_astar/CMakeFiles/CMakeTmp'
make: *** [Makefile:121: cmTC_2e1fb/fast] Error 2



Performing C SOURCE FILE Test CMAKE_HAVE_LIBC_PTHREAD failed with the following output:
Change Dir: /home/robo02/robocomp/components/dsr-graph/components/path_planner_astar/CMakeFiles/CMakeTmp

Run Build Command(s):/usr/bin/make cmTC_20255/fast && /usr/bin/make -f CMakeFiles/cmTC_20255.dir/build.make CMakeFiles/cmTC_20255.dir/build
make[1]: se entra en el directorio '/home/robo02/robocomp/components/dsr-graph/components/path_planner_astar/CMakeFiles/CMakeTmp'
Building C object CMakeFiles/cmTC_20255.dir/src.c.o
/usr/bin/cc   -DCMAKE_HAVE_LIBC_PTHREAD   -o CMakeFiles/cmTC_20255.dir/src.c.o   -c /home/robo02/robocomp/components/dsr-graph/components/path_planner_astar/CMakeFiles/CMakeTmp/src.c
Linking C executable cmTC_20255
/usr/bin/cmake -E cmake_link_script CMakeFiles/cmTC_20255.dir/link.txt --verbose=1
/usr/bin/cc  -DCMAKE_HAVE_LIBC_PTHREAD    -rdynamic CMakeFiles/cmTC_20255.dir/src.c.o  -o cmTC_20255 
/usr/bin/ld: CMakeFiles/cmTC_20255.dir/src.c.o: en la funci贸n `main':
src.c:(.text+0x46): referencia a `pthread_create' sin definir
/usr/bin/ld: src.c:(.text+0x52): referencia a `pthread_detach' sin definir
/usr/bin/ld: src.c:(.text+0x63): referencia a `pthread_join' sin definir
collect2: error: ld returned 1 exit status
make[1]: *** [CMakeFiles/cmTC_20255.dir/build.make:87: cmTC_20255] Error 1
make[1]: se sale del directorio '/home/robo02/robocomp/components/dsr-graph/components/path_planner_astar/CMakeFiles/CMakeTmp'
make: *** [Makefile:121: cmTC_20255/fast] Error 2


Source file was:
#include <pthread.h>

void* test_func(void* data)
{
  return data;
}

int main(void)
{
  pthread_t thread;
  pthread_create(&thread, NULL, test_func, NULL);
  pthread_detach(thread);
  pthread_join(thread, NULL);
  pthread_atfork(NULL, NULL, NULL);
  pthread_exit(NULL);

  return 0;
}

Determining if the function pthread_create exists in the pthreads failed with the following output:
Change Dir: /home/robo02/robocomp/components/dsr-graph/components/path_planner_astar/CMakeFiles/CMakeTmp

Run Build Command(s):/usr/bin/make cmTC_18e80/fast && /usr/bin/make -f CMakeFiles/cmTC_18e80.dir/build.make CMakeFiles/cmTC_18e80.dir/build
make[1]: se entra en el directorio '/home/robo02/robocomp/components/dsr-graph/components/path_planner_astar/CMakeFiles/CMakeTmp'
Building C object CMakeFiles/cmTC_18e80.dir/CheckFunctionExists.c.o
/usr/bin/cc   -DCHECK_FUNCTION_EXISTS=pthread_create   -o CMakeFiles/cmTC_18e80.dir/CheckFunctionExists.c.o   -c /usr/share/cmake-3.16/Modules/CheckFunctionExists.c
Linking C executable cmTC_18e80
/usr/bin/cmake -E cmake_link_script CMakeFiles/cmTC_18e80.dir/link.txt --verbose=1
/usr/bin/cc  -DCHECK_FUNCTION_EXISTS=pthread_create    -rdynamic CMakeFiles/cmTC_18e80.dir/CheckFunctionExists.c.o  -o cmTC_18e80  -lpthreads 
/usr/bin/ld: no se puede encontrar -lpthreads
collect2: error: ld returned 1 exit status
make[1]: *** [CMakeFiles/cmTC_18e80.dir/build.make:87: cmTC_18e80] Error 1
make[1]: se sale del directorio '/home/robo02/robocomp/components/dsr-graph/components/path_planner_astar/CMakeFiles/CMakeTmp'
make: *** [Makefile:121: cmTC_18e80/fast] Error 2



